<?xml version="1.0" encoding="UTF-8"?>
<testsuite xmlns:xsi="http://www.w3.org/2001/XMLSchema-instance" xsi:noNamespaceSchemaLocation="https://maven.apache.org/surefire/maven-surefire-plugin/xsd/surefire-test-report-3.0.xsd" version="3.0" name="com.project.mobileStore.MobileStoreApplicationTests" time="7.304" tests="1" errors="0" skipped="0" failures="0">
  <properties>
[...]
</properties>
  <testcase name="contextLoads" classname="com.project.mobileStore.MobileStoreApplicationTests" time="0.55">
    <system-out><![CDATA[21:28:39.265 [main] INFO org.springframework.test.context.support.AnnotationConfigContextLoaderUtils -- Could not detect default configuration classes for test class [com.project.mobileStore.MobileStoreApplicationTests]: MobileStoreApplicationTests does not declare any static, non-private, non-final, nested classes annotated with @Configuration.
21:28:39.390 [main] INFO org.springframework.boot.test.context.SpringBootTestContextBootstrapper -- Found @SpringBootConfiguration com.project.mobileStore.MobileStoreApplication for test class com.project.mobileStore.MobileStoreApplicationTests

  .   ____          _            __ _ _
 /\\ / ___'_ __ _ _(_)_ __  __ _ \ \ \ \
( ( )\___ | '_ | '_| | '_ \/ _` | \ \ \ \
 \\/  ___)| |_)| | | | | || (_| |  ) ) ) )
  '  |____| .__|_| |_|_| |_\__, | / / / /
 =========|_|==============|___/=/_/_/_/
 :: Spring Boot ::                (v3.2.0)

2024-10-08T21:28:40.029+02:00  INFO 12536 --- [mobileStore] [           main] c.p.m.MobileStoreApplicationTests        : Starting MobileStoreApplicationTests using Java 23 with PID 12536 (started by Med Ali in D:\PluralSight\mobileStore)
2024-10-08T21:28:40.030+02:00  INFO 12536 --- [mobileStore] [           main] c.p.m.MobileStoreApplicationTests        : No active profile set, falling back to 1 default profile: "default"
2024-10-08T21:28:41.040+02:00  INFO 12536 --- [mobileStore] [           main] .s.d.r.c.RepositoryConfigurationDelegate : Bootstrapping Spring Data JPA repositories in DEFAULT mode.
2024-10-08T21:28:41.151+02:00  INFO 12536 --- [mobileStore] [           main] .s.d.r.c.RepositoryConfigurationDelegate : Finished Spring Data repository scanning in 99 ms. Found 4 JPA repository interfaces.
2024-10-08T21:28:41.838+02:00  INFO 12536 --- [mobileStore] [           main] o.hibernate.jpa.internal.util.LogHelper  : HHH000204: Processing PersistenceUnitInfo [name: default]
2024-10-08T21:28:41.978+02:00  INFO 12536 --- [mobileStore] [           main] org.hibernate.Version                    : HHH000412: Hibernate ORM core version 6.3.1.Final
2024-10-08T21:28:42.034+02:00  INFO 12536 --- [mobileStore] [           main] o.h.c.internal.RegionFactoryInitiator    : HHH000026: Second-level cache disabled
2024-10-08T21:28:42.178+02:00 DEBUG 12536 --- [mobileStore] [           main] org.hibernate.type.BasicTypeRegistry     : Adding type registration boolean -> org.hibernate.type.BasicTypeReference@559af296
2024-10-08T21:28:42.178+02:00 DEBUG 12536 --- [mobileStore] [           main] org.hibernate.type.BasicTypeRegistry     : Adding type registration boolean -> org.hibernate.type.BasicTypeReference@559af296
2024-10-08T21:28:42.178+02:00 DEBUG 12536 --- [mobileStore] [           main] org.hibernate.type.BasicTypeRegistry     : Adding type registration java.lang.Boolean -> org.hibernate.type.BasicTypeReference@559af296
2024-10-08T21:28:42.178+02:00 DEBUG 12536 --- [mobileStore] [           main] org.hibernate.type.BasicTypeRegistry     : Adding type registration numeric_boolean -> org.hibernate.type.BasicTypeReference@5edc3e29
2024-10-08T21:28:42.178+02:00 DEBUG 12536 --- [mobileStore] [           main] org.hibernate.type.BasicTypeRegistry     : Adding type registration org.hibernate.type.NumericBooleanConverter -> org.hibernate.type.BasicTypeReference@5edc3e29
2024-10-08T21:28:42.178+02:00 DEBUG 12536 --- [mobileStore] [           main] org.hibernate.type.BasicTypeRegistry     : Adding type registration true_false -> org.hibernate.type.BasicTypeReference@18709cb2
2024-10-08T21:28:42.178+02:00 DEBUG 12536 --- [mobileStore] [           main] org.hibernate.type.BasicTypeRegistry     : Adding type registration org.hibernate.type.TrueFalseConverter -> org.hibernate.type.BasicTypeReference@18709cb2
2024-10-08T21:28:42.178+02:00 DEBUG 12536 --- [mobileStore] [           main] org.hibernate.type.BasicTypeRegistry     : Adding type registration yes_no -> org.hibernate.type.BasicTypeReference@a90e2c1
2024-10-08T21:28:42.178+02:00 DEBUG 12536 --- [mobileStore] [           main] org.hibernate.type.BasicTypeRegistry     : Adding type registration org.hibernate.type.YesNoConverter -> org.hibernate.type.BasicTypeReference@a90e2c1
2024-10-08T21:28:42.179+02:00 DEBUG 12536 --- [mobileStore] [           main] org.hibernate.type.BasicTypeRegistry     : Adding type registration byte -> org.hibernate.type.BasicTypeReference@89caf47
2024-10-08T21:28:42.179+02:00 DEBUG 12536 --- [mobileStore] [           main] org.hibernate.type.BasicTypeRegistry     : Adding type registration byte -> org.hibernate.type.BasicTypeReference@89caf47
2024-10-08T21:28:42.179+02:00 DEBUG 12536 --- [mobileStore] [           main] org.hibernate.type.BasicTypeRegistry     : Adding type registration java.lang.Byte -> org.hibernate.type.BasicTypeReference@89caf47
2024-10-08T21:28:42.179+02:00 DEBUG 12536 --- [mobileStore] [           main] org.hibernate.type.BasicTypeRegistry     : Adding type registration binary -> org.hibernate.type.BasicTypeReference@370ef50b
2024-10-08T21:28:42.179+02:00 DEBUG 12536 --- [mobileStore] [           main] org.hibernate.type.BasicTypeRegistry     : Adding type registration byte[] -> org.hibernate.type.BasicTypeReference@370ef50b
2024-10-08T21:28:42.179+02:00 DEBUG 12536 --- [mobileStore] [           main] org.hibernate.type.BasicTypeRegistry     : Adding type registration [B -> org.hibernate.type.BasicTypeReference@370ef50b
2024-10-08T21:28:42.179+02:00 DEBUG 12536 --- [mobileStore] [           main] org.hibernate.type.BasicTypeRegistry     : Adding type registration binary_wrapper -> org.hibernate.type.BasicTypeReference@2b877a54
2024-10-08T21:28:42.180+02:00 DEBUG 12536 --- [mobileStore] [           main] org.hibernate.type.BasicTypeRegistry     : Adding type registration wrapper-binary -> org.hibernate.type.BasicTypeReference@2b877a54
2024-10-08T21:28:42.180+02:00 DEBUG 12536 --- [mobileStore] [           main] org.hibernate.type.BasicTypeRegistry     : Adding type registration image -> org.hibernate.type.BasicTypeReference@268c030f
2024-10-08T21:28:42.180+02:00 DEBUG 12536 --- [mobileStore] [           main] org.hibernate.type.BasicTypeRegistry     : Adding type registration blob -> org.hibernate.type.BasicTypeReference@4b87760e
2024-10-08T21:28:42.180+02:00 DEBUG 12536 --- [mobileStore] [           main] org.hibernate.type.BasicTypeRegistry     : Adding type registration java.sql.Blob -> org.hibernate.type.BasicTypeReference@4b87760e
2024-10-08T21:28:42.180+02:00 DEBUG 12536 --- [mobileStore] [           main] org.hibernate.type.BasicTypeRegistry     : Adding type registration materialized_blob -> org.hibernate.type.BasicTypeReference@be164d8
2024-10-08T21:28:42.180+02:00 DEBUG 12536 --- [mobileStore] [           main] org.hibernate.type.BasicTypeRegistry     : Adding type registration materialized_blob_wrapper -> org.hibernate.type.BasicTypeReference@1b24ea2a
2024-10-08T21:28:42.180+02:00 DEBUG 12536 --- [mobileStore] [           main] org.hibernate.type.BasicTypeRegistry     : Adding type registration short -> org.hibernate.type.BasicTypeReference@5df6163a
2024-10-08T21:28:42.180+02:00 DEBUG 12536 --- [mobileStore] [           main] org.hibernate.type.BasicTypeRegistry     : Adding type registration short -> org.hibernate.type.BasicTypeReference@5df6163a
2024-10-08T21:28:42.181+02:00 DEBUG 12536 --- [mobileStore] [           main] org.hibernate.type.BasicTypeRegistry     : Adding type registration java.lang.Short -> org.hibernate.type.BasicTypeReference@5df6163a
2024-10-08T21:28:42.181+02:00 DEBUG 12536 --- [mobileStore] [           main] org.hibernate.type.BasicTypeRegistry     : Adding type registration integer -> org.hibernate.type.BasicTypeReference@2d313c8c
2024-10-08T21:28:42.181+02:00 DEBUG 12536 --- [mobileStore] [           main] org.hibernate.type.BasicTypeRegistry     : Adding type registration int -> org.hibernate.type.BasicTypeReference@2d313c8c
2024-10-08T21:28:42.181+02:00 DEBUG 12536 --- [mobileStore] [           main] org.hibernate.type.BasicTypeRegistry     : Adding type registration java.lang.Integer -> org.hibernate.type.BasicTypeReference@2d313c8c
2024-10-08T21:28:42.181+02:00 DEBUG 12536 --- [mobileStore] [           main] org.hibernate.type.BasicTypeRegistry     : Adding type registration long -> org.hibernate.type.BasicTypeReference@2df65a56
2024-10-08T21:28:42.181+02:00 DEBUG 12536 --- [mobileStore] [           main] org.hibernate.type.BasicTypeRegistry     : Adding type registration long -> org.hibernate.type.BasicTypeReference@2df65a56
2024-10-08T21:28:42.182+02:00 DEBUG 12536 --- [mobileStore] [           main] org.hibernate.type.BasicTypeRegistry     : Adding type registration java.lang.Long -> org.hibernate.type.BasicTypeReference@2df65a56
2024-10-08T21:28:42.182+02:00 DEBUG 12536 --- [mobileStore] [           main] org.hibernate.type.BasicTypeRegistry     : Adding type registration float -> org.hibernate.type.BasicTypeReference@113f9078
2024-10-08T21:28:42.182+02:00 DEBUG 12536 --- [mobileStore] [           main] org.hibernate.type.BasicTypeRegistry     : Adding type registration float -> org.hibernate.type.BasicTypeReference@113f9078
2024-10-08T21:28:42.182+02:00 DEBUG 12536 --- [mobileStore] [           main] org.hibernate.type.BasicTypeRegistry     : Adding type registration java.lang.Float -> org.hibernate.type.BasicTypeReference@113f9078
2024-10-08T21:28:42.182+02:00 DEBUG 12536 --- [mobileStore] [           main] org.hibernate.type.BasicTypeRegistry     : Adding type registration double -> org.hibernate.type.BasicTypeReference@7c1503a3
2024-10-08T21:28:42.182+02:00 DEBUG 12536 --- [mobileStore] [           main] org.hibernate.type.BasicTypeRegistry     : Adding type registration double -> org.hibernate.type.BasicTypeReference@7c1503a3
2024-10-08T21:28:42.183+02:00 DEBUG 12536 --- [mobileStore] [           main] org.hibernate.type.BasicTypeRegistry     : Adding type registration java.lang.Double -> org.hibernate.type.BasicTypeReference@7c1503a3
2024-10-08T21:28:42.183+02:00 DEBUG 12536 --- [mobileStore] [           main] org.hibernate.type.BasicTypeRegistry     : Adding type registration big_integer -> org.hibernate.type.BasicTypeReference@586495f1
2024-10-08T21:28:42.183+02:00 DEBUG 12536 --- [mobileStore] [           main] org.hibernate.type.BasicTypeRegistry     : Adding type registration java.math.BigInteger -> org.hibernate.type.BasicTypeReference@586495f1
2024-10-08T21:28:42.183+02:00 DEBUG 12536 --- [mobileStore] [           main] org.hibernate.type.BasicTypeRegistry     : Adding type registration big_decimal -> org.hibernate.type.BasicTypeReference@47df5041
2024-10-08T21:28:42.183+02:00 DEBUG 12536 --- [mobileStore] [           main] org.hibernate.type.BasicTypeRegistry     : Adding type registration java.math.BigDecimal -> org.hibernate.type.BasicTypeReference@47df5041
2024-10-08T21:28:42.183+02:00 DEBUG 12536 --- [mobileStore] [           main] org.hibernate.type.BasicTypeRegistry     : Adding type registration character -> org.hibernate.type.BasicTypeReference@2a0ea492
2024-10-08T21:28:42.183+02:00 DEBUG 12536 --- [mobileStore] [           main] org.hibernate.type.BasicTypeRegistry     : Adding type registration char -> org.hibernate.type.BasicTypeReference@2a0ea492
2024-10-08T21:28:42.183+02:00 DEBUG 12536 --- [mobileStore] [           main] org.hibernate.type.BasicTypeRegistry     : Adding type registration java.lang.Character -> org.hibernate.type.BasicTypeReference@2a0ea492
2024-10-08T21:28:42.184+02:00 DEBUG 12536 --- [mobileStore] [           main] org.hibernate.type.BasicTypeRegistry     : Adding type registration character_nchar -> org.hibernate.type.BasicTypeReference@7e52a26b
2024-10-08T21:28:42.184+02:00 DEBUG 12536 --- [mobileStore] [           main] org.hibernate.type.BasicTypeRegistry     : Adding type registration string -> org.hibernate.type.BasicTypeReference@2e56b4d
2024-10-08T21:28:42.185+02:00 DEBUG 12536 --- [mobileStore] [           main] org.hibernate.type.BasicTypeRegistry     : Adding type registration java.lang.String -> org.hibernate.type.BasicTypeReference@2e56b4d
2024-10-08T21:28:42.185+02:00 DEBUG 12536 --- [mobileStore] [           main] org.hibernate.type.BasicTypeRegistry     : Adding type registration nstring -> org.hibernate.type.BasicTypeReference@3f857e08
2024-10-08T21:28:42.185+02:00 DEBUG 12536 --- [mobileStore] [           main] org.hibernate.type.BasicTypeRegistry     : Adding type registration characters -> org.hibernate.type.BasicTypeReference@6070775e
2024-10-08T21:28:42.185+02:00 DEBUG 12536 --- [mobileStore] [           main] org.hibernate.type.BasicTypeRegistry     : Adding type registration char[] -> org.hibernate.type.BasicTypeReference@6070775e
2024-10-08T21:28:42.186+02:00 DEBUG 12536 --- [mobileStore] [           main] org.hibernate.type.BasicTypeRegistry     : Adding type registration [C -> org.hibernate.type.BasicTypeReference@6070775e
2024-10-08T21:28:42.186+02:00 DEBUG 12536 --- [mobileStore] [           main] org.hibernate.type.BasicTypeRegistry     : Adding type registration wrapper-characters -> org.hibernate.type.BasicTypeReference@b5ac0c1
2024-10-08T21:28:42.186+02:00 DEBUG 12536 --- [mobileStore] [           main] org.hibernate.type.BasicTypeRegistry     : Adding type registration text -> org.hibernate.type.BasicTypeReference@224c7de4
2024-10-08T21:28:42.186+02:00 DEBUG 12536 --- [mobileStore] [           main] org.hibernate.type.BasicTypeRegistry     : Adding type registration ntext -> org.hibernate.type.BasicTypeReference@36ad229b
2024-10-08T21:28:42.187+02:00 DEBUG 12536 --- [mobileStore] [           main] org.hibernate.type.BasicTypeRegistry     : Adding type registration clob -> org.hibernate.type.BasicTypeReference@55846997
2024-10-08T21:28:42.187+02:00 DEBUG 12536 --- [mobileStore] [           main] org.hibernate.type.BasicTypeRegistry     : Adding type registration java.sql.Clob -> org.hibernate.type.BasicTypeReference@55846997
2024-10-08T21:28:42.187+02:00 DEBUG 12536 --- [mobileStore] [           main] org.hibernate.type.BasicTypeRegistry     : Adding type registration nclob -> org.hibernate.type.BasicTypeReference@805e72e
2024-10-08T21:28:42.187+02:00 DEBUG 12536 --- [mobileStore] [           main] org.hibernate.type.BasicTypeRegistry     : Adding type registration java.sql.NClob -> org.hibernate.type.BasicTypeReference@805e72e
2024-10-08T21:28:42.188+02:00 DEBUG 12536 --- [mobileStore] [           main] org.hibernate.type.BasicTypeRegistry     : Adding type registration materialized_clob -> org.hibernate.type.BasicTypeReference@49671897
2024-10-08T21:28:42.188+02:00 DEBUG 12536 --- [mobileStore] [           main] org.hibernate.type.BasicTypeRegistry     : Adding type registration materialized_clob_char_array -> org.hibernate.type.BasicTypeReference@168142da
2024-10-08T21:28:42.188+02:00 DEBUG 12536 --- [mobileStore] [           main] org.hibernate.type.BasicTypeRegistry     : Adding type registration materialized_clob_character_array -> org.hibernate.type.BasicTypeReference@60bf494c
2024-10-08T21:28:42.189+02:00 DEBUG 12536 --- [mobileStore] [           main] org.hibernate.type.BasicTypeRegistry     : Adding type registration materialized_nclob -> org.hibernate.type.BasicTypeReference@47a4eee2
2024-10-08T21:28:42.189+02:00 DEBUG 12536 --- [mobileStore] [           main] org.hibernate.type.BasicTypeRegistry     : Adding type registration materialized_nclob_character_array -> org.hibernate.type.BasicTypeReference@36f6e521
2024-10-08T21:28:42.189+02:00 DEBUG 12536 --- [mobileStore] [           main] org.hibernate.type.BasicTypeRegistry     : Adding type registration materialized_nclob_char_array -> org.hibernate.type.BasicTypeReference@2afdf6b7
2024-10-08T21:28:42.189+02:00 DEBUG 12536 --- [mobileStore] [           main] org.hibernate.type.BasicTypeRegistry     : Adding type registration Duration -> org.hibernate.type.BasicTypeReference@30922f8d
2024-10-08T21:28:42.189+02:00 DEBUG 12536 --- [mobileStore] [           main] org.hibernate.type.BasicTypeRegistry     : Adding type registration java.time.Duration -> org.hibernate.type.BasicTypeReference@30922f8d
2024-10-08T21:28:42.190+02:00 DEBUG 12536 --- [mobileStore] [           main] org.hibernate.type.BasicTypeRegistry     : Adding type registration LocalDateTime -> org.hibernate.type.BasicTypeReference@50211483
2024-10-08T21:28:42.190+02:00 DEBUG 12536 --- [mobileStore] [           main] org.hibernate.type.BasicTypeRegistry     : Adding type registration java.time.LocalDateTime -> org.hibernate.type.BasicTypeReference@50211483
2024-10-08T21:28:42.190+02:00 DEBUG 12536 --- [mobileStore] [           main] org.hibernate.type.BasicTypeRegistry     : Adding type registration LocalDate -> org.hibernate.type.BasicTypeReference@51ff3c4b
2024-10-08T21:28:42.190+02:00 DEBUG 12536 --- [mobileStore] [           main] org.hibernate.type.BasicTypeRegistry     : Adding type registration java.time.LocalDate -> org.hibernate.type.BasicTypeReference@51ff3c4b
2024-10-08T21:28:42.190+02:00 DEBUG 12536 --- [mobileStore] [           main] org.hibernate.type.BasicTypeRegistry     : Adding type registration LocalTime -> org.hibernate.type.BasicTypeReference@1472208d
2024-10-08T21:28:42.191+02:00 DEBUG 12536 --- [mobileStore] [           main] org.hibernate.type.BasicTypeRegistry     : Adding type registration java.time.LocalTime -> org.hibernate.type.BasicTypeReference@1472208d
2024-10-08T21:28:42.191+02:00 DEBUG 12536 --- [mobileStore] [           main] org.hibernate.type.BasicTypeRegistry     : Adding type registration OffsetDateTime -> org.hibernate.type.BasicTypeReference@35bd8bc9
2024-10-08T21:28:42.191+02:00 DEBUG 12536 --- [mobileStore] [           main] org.hibernate.type.BasicTypeRegistry     : Adding type registration java.time.OffsetDateTime -> org.hibernate.type.BasicTypeReference@35bd8bc9
2024-10-08T21:28:42.191+02:00 DEBUG 12536 --- [mobileStore] [           main] org.hibernate.type.BasicTypeRegistry     : Adding type registration OffsetDateTimeWithTimezone -> org.hibernate.type.BasicTypeReference@6de004f1
2024-10-08T21:28:42.192+02:00 DEBUG 12536 --- [mobileStore] [           main] org.hibernate.type.BasicTypeRegistry     : Adding type registration OffsetDateTimeWithoutTimezone -> org.hibernate.type.BasicTypeReference@45d56062
2024-10-08T21:28:42.192+02:00 DEBUG 12536 --- [mobileStore] [           main] org.hibernate.type.BasicTypeRegistry     : Adding type registration OffsetTime -> org.hibernate.type.BasicTypeReference@4026461d
2024-10-08T21:28:42.192+02:00 DEBUG 12536 --- [mobileStore] [           main] org.hibernate.type.BasicTypeRegistry     : Adding type registration java.time.OffsetTime -> org.hibernate.type.BasicTypeReference@4026461d
2024-10-08T21:28:42.193+02:00 DEBUG 12536 --- [mobileStore] [           main] org.hibernate.type.BasicTypeRegistry     : Adding type registration OffsetTimeUtc -> org.hibernate.type.BasicTypeReference@191c6e13
2024-10-08T21:28:42.193+02:00 DEBUG 12536 --- [mobileStore] [           main] org.hibernate.type.BasicTypeRegistry     : Adding type registration OffsetTimeWithTimezone -> org.hibernate.type.BasicTypeReference@7436364d
2024-10-08T21:28:42.193+02:00 DEBUG 12536 --- [mobileStore] [           main] org.hibernate.type.BasicTypeRegistry     : Adding type registration OffsetTimeWithoutTimezone -> org.hibernate.type.BasicTypeReference@1a8e9ed9
2024-10-08T21:28:42.194+02:00 DEBUG 12536 --- [mobileStore] [           main] org.hibernate.type.BasicTypeRegistry     : Adding type registration ZonedDateTime -> org.hibernate.type.BasicTypeReference@68ea253b
2024-10-08T21:28:42.194+02:00 DEBUG 12536 --- [mobileStore] [           main] org.hibernate.type.BasicTypeRegistry     : Adding type registration java.time.ZonedDateTime -> org.hibernate.type.BasicTypeReference@68ea253b
2024-10-08T21:28:42.194+02:00 DEBUG 12536 --- [mobileStore] [           main] org.hibernate.type.BasicTypeRegistry     : Adding type registration ZonedDateTimeWithTimezone -> org.hibernate.type.BasicTypeReference@12fcb2c3
2024-10-08T21:28:42.194+02:00 DEBUG 12536 --- [mobileStore] [           main] org.hibernate.type.BasicTypeRegistry     : Adding type registration ZonedDateTimeWithoutTimezone -> org.hibernate.type.BasicTypeReference@57bd6a8f
2024-10-08T21:28:42.194+02:00 DEBUG 12536 --- [mobileStore] [           main] org.hibernate.type.BasicTypeRegistry     : Adding type registration date -> org.hibernate.type.BasicTypeReference@39ab5ef7
2024-10-08T21:28:42.194+02:00 DEBUG 12536 --- [mobileStore] [           main] org.hibernate.type.BasicTypeRegistry     : Adding type registration java.sql.Date -> org.hibernate.type.BasicTypeReference@39ab5ef7
2024-10-08T21:28:42.195+02:00 DEBUG 12536 --- [mobileStore] [           main] org.hibernate.type.BasicTypeRegistry     : Adding type registration time -> org.hibernate.type.BasicTypeReference@517704
2024-10-08T21:28:42.195+02:00 DEBUG 12536 --- [mobileStore] [           main] org.hibernate.type.BasicTypeRegistry     : Adding type registration java.sql.Time -> org.hibernate.type.BasicTypeReference@517704
2024-10-08T21:28:42.195+02:00 DEBUG 12536 --- [mobileStore] [           main] org.hibernate.type.BasicTypeRegistry     : Adding type registration timestamp -> org.hibernate.type.BasicTypeReference@77cca767
2024-10-08T21:28:42.195+02:00 DEBUG 12536 --- [mobileStore] [           main] org.hibernate.type.BasicTypeRegistry     : Adding type registration java.sql.Timestamp -> org.hibernate.type.BasicTypeReference@77cca767
2024-10-08T21:28:42.196+02:00 DEBUG 12536 --- [mobileStore] [           main] org.hibernate.type.BasicTypeRegistry     : Adding type registration java.util.Date -> org.hibernate.type.BasicTypeReference@77cca767
2024-10-08T21:28:42.196+02:00 DEBUG 12536 --- [mobileStore] [           main] org.hibernate.type.BasicTypeRegistry     : Adding type registration calendar -> org.hibernate.type.BasicTypeReference@4b195203
2024-10-08T21:28:42.196+02:00 DEBUG 12536 --- [mobileStore] [           main] org.hibernate.type.BasicTypeRegistry     : Adding type registration java.util.Calendar -> org.hibernate.type.BasicTypeReference@4b195203
2024-10-08T21:28:42.196+02:00 DEBUG 12536 --- [mobileStore] [           main] org.hibernate.type.BasicTypeRegistry     : Adding type registration java.util.GregorianCalendar -> org.hibernate.type.BasicTypeReference@4b195203
2024-10-08T21:28:42.197+02:00 DEBUG 12536 --- [mobileStore] [           main] org.hibernate.type.BasicTypeRegistry     : Adding type registration calendar_date -> org.hibernate.type.BasicTypeReference@28a6e171
2024-10-08T21:28:42.197+02:00 DEBUG 12536 --- [mobileStore] [           main] org.hibernate.type.BasicTypeRegistry     : Adding type registration calendar_time -> org.hibernate.type.BasicTypeReference@23444a36
2024-10-08T21:28:42.197+02:00 DEBUG 12536 --- [mobileStore] [           main] org.hibernate.type.BasicTypeRegistry     : Adding type registration instant -> org.hibernate.type.BasicTypeReference@31a136a6
2024-10-08T21:28:42.197+02:00 DEBUG 12536 --- [mobileStore] [           main] org.hibernate.type.BasicTypeRegistry     : Adding type registration java.time.Instant -> org.hibernate.type.BasicTypeReference@31a136a6
2024-10-08T21:28:42.198+02:00 DEBUG 12536 --- [mobileStore] [           main] org.hibernate.type.BasicTypeRegistry     : Adding type registration uuid -> org.hibernate.type.BasicTypeReference@30a9e3db
2024-10-08T21:28:42.198+02:00 DEBUG 12536 --- [mobileStore] [           main] org.hibernate.type.BasicTypeRegistry     : Adding type registration java.util.UUID -> org.hibernate.type.BasicTypeReference@30a9e3db
2024-10-08T21:28:42.198+02:00 DEBUG 12536 --- [mobileStore] [           main] org.hibernate.type.BasicTypeRegistry     : Adding type registration pg-uuid -> org.hibernate.type.BasicTypeReference@30a9e3db
2024-10-08T21:28:42.198+02:00 DEBUG 12536 --- [mobileStore] [           main] org.hibernate.type.BasicTypeRegistry     : Adding type registration uuid-binary -> org.hibernate.type.BasicTypeReference@2f9b21d6
2024-10-08T21:28:42.199+02:00 DEBUG 12536 --- [mobileStore] [           main] org.hibernate.type.BasicTypeRegistry     : Adding type registration uuid-char -> org.hibernate.type.BasicTypeReference@2e0fdbe9
2024-10-08T21:28:42.199+02:00 DEBUG 12536 --- [mobileStore] [           main] org.hibernate.type.BasicTypeRegistry     : Adding type registration class -> org.hibernate.type.BasicTypeReference@16a3cc88
2024-10-08T21:28:42.199+02:00 DEBUG 12536 --- [mobileStore] [           main] org.hibernate.type.BasicTypeRegistry     : Adding type registration java.lang.Class -> org.hibernate.type.BasicTypeReference@16a3cc88
2024-10-08T21:28:42.199+02:00 DEBUG 12536 --- [mobileStore] [           main] org.hibernate.type.BasicTypeRegistry     : Adding type registration currency -> org.hibernate.type.BasicTypeReference@696b52bc
2024-10-08T21:28:42.200+02:00 DEBUG 12536 --- [mobileStore] [           main] org.hibernate.type.BasicTypeRegistry     : Adding type registration Currency -> org.hibernate.type.BasicTypeReference@696b52bc
2024-10-08T21:28:42.200+02:00 DEBUG 12536 --- [mobileStore] [           main] org.hibernate.type.BasicTypeRegistry     : Adding type registration java.util.Currency -> org.hibernate.type.BasicTypeReference@696b52bc
2024-10-08T21:28:42.200+02:00 DEBUG 12536 --- [mobileStore] [           main] org.hibernate.type.BasicTypeRegistry     : Adding type registration locale -> org.hibernate.type.BasicTypeReference@1f884bd6
2024-10-08T21:28:42.200+02:00 DEBUG 12536 --- [mobileStore] [           main] org.hibernate.type.BasicTypeRegistry     : Adding type registration java.util.Locale -> org.hibernate.type.BasicTypeReference@1f884bd6
2024-10-08T21:28:42.201+02:00 DEBUG 12536 --- [mobileStore] [           main] org.hibernate.type.BasicTypeRegistry     : Adding type registration serializable -> org.hibernate.type.BasicTypeReference@4f081b5d
2024-10-08T21:28:42.201+02:00 DEBUG 12536 --- [mobileStore] [           main] org.hibernate.type.BasicTypeRegistry     : Adding type registration java.io.Serializable -> org.hibernate.type.BasicTypeReference@4f081b5d
2024-10-08T21:28:42.202+02:00 DEBUG 12536 --- [mobileStore] [           main] org.hibernate.type.BasicTypeRegistry     : Adding type registration timezone -> org.hibernate.type.BasicTypeReference@474749b8
2024-10-08T21:28:42.203+02:00 DEBUG 12536 --- [mobileStore] [           main] org.hibernate.type.BasicTypeRegistry     : Adding type registration java.util.TimeZone -> org.hibernate.type.BasicTypeReference@474749b8
2024-10-08T21:28:42.203+02:00 DEBUG 12536 --- [mobileStore] [           main] org.hibernate.type.BasicTypeRegistry     : Adding type registration ZoneOffset -> org.hibernate.type.BasicTypeReference@740a0d5e
2024-10-08T21:28:42.203+02:00 DEBUG 12536 --- [mobileStore] [           main] org.hibernate.type.BasicTypeRegistry     : Adding type registration java.time.ZoneOffset -> org.hibernate.type.BasicTypeReference@740a0d5e
2024-10-08T21:28:42.204+02:00 DEBUG 12536 --- [mobileStore] [           main] org.hibernate.type.BasicTypeRegistry     : Adding type registration url -> org.hibernate.type.BasicTypeReference@29013ef2
2024-10-08T21:28:42.204+02:00 DEBUG 12536 --- [mobileStore] [           main] org.hibernate.type.BasicTypeRegistry     : Adding type registration java.net.URL -> org.hibernate.type.BasicTypeReference@29013ef2
2024-10-08T21:28:42.204+02:00 DEBUG 12536 --- [mobileStore] [           main] org.hibernate.type.BasicTypeRegistry     : Adding type registration row_version -> org.hibernate.type.BasicTypeReference@265c1a7c
2024-10-08T21:28:42.212+02:00 DEBUG 12536 --- [mobileStore] [           main] org.hibernate.type.BasicTypeRegistry     : Adding type registration object -> org.hibernate.type.JavaObjectType@f245bdd
2024-10-08T21:28:42.213+02:00 DEBUG 12536 --- [mobileStore] [           main] org.hibernate.type.BasicTypeRegistry     : Adding type registration java.lang.Object -> org.hibernate.type.JavaObjectType@f245bdd
2024-10-08T21:28:42.215+02:00 DEBUG 12536 --- [mobileStore] [           main] org.hibernate.type.BasicTypeRegistry     : Adding type registration null -> org.hibernate.type.NullType@5d71b500
2024-10-08T21:28:42.216+02:00 DEBUG 12536 --- [mobileStore] [           main] org.hibernate.type.BasicTypeRegistry     : Adding type registration imm_date -> org.hibernate.type.BasicTypeReference@8840c98
2024-10-08T21:28:42.218+02:00 DEBUG 12536 --- [mobileStore] [           main] org.hibernate.type.BasicTypeRegistry     : Adding type registration imm_time -> org.hibernate.type.BasicTypeReference@626b639e
2024-10-08T21:28:42.219+02:00 DEBUG 12536 --- [mobileStore] [           main] org.hibernate.type.BasicTypeRegistry     : Adding type registration imm_timestamp -> org.hibernate.type.BasicTypeReference@527a8665
2024-10-08T21:28:42.220+02:00 DEBUG 12536 --- [mobileStore] [           main] org.hibernate.type.BasicTypeRegistry     : Adding type registration imm_calendar -> org.hibernate.type.BasicTypeReference@7ab2a07e
2024-10-08T21:28:42.220+02:00 DEBUG 12536 --- [mobileStore] [           main] org.hibernate.type.BasicTypeRegistry     : Adding type registration imm_calendar_date -> org.hibernate.type.BasicTypeReference@437c4b25
2024-10-08T21:28:42.220+02:00 DEBUG 12536 --- [mobileStore] [           main] org.hibernate.type.BasicTypeRegistry     : Adding type registration imm_calendar_time -> org.hibernate.type.BasicTypeReference@5ec6fede
2024-10-08T21:28:42.220+02:00 DEBUG 12536 --- [mobileStore] [           main] org.hibernate.type.BasicTypeRegistry     : Adding type registration imm_binary -> org.hibernate.type.BasicTypeReference@580902cd
2024-10-08T21:28:42.220+02:00 DEBUG 12536 --- [mobileStore] [           main] org.hibernate.type.BasicTypeRegistry     : Adding type registration imm_serializable -> org.hibernate.type.BasicTypeReference@3757e8e2
2024-10-08T21:28:42.478+02:00  INFO 12536 --- [mobileStore] [           main] o.s.o.j.p.SpringPersistenceUnitInfo      : No LoadTimeWeaver setup: ignoring JPA class transformer
2024-10-08T21:28:42.515+02:00  INFO 12536 --- [mobileStore] [           main] com.zaxxer.hikari.HikariDataSource       : HikariPool-1 - Starting...
2024-10-08T21:28:42.815+02:00  INFO 12536 --- [mobileStore] [           main] com.zaxxer.hikari.pool.HikariPool        : HikariPool-1 - Added connection org.postgresql.jdbc.PgConnection@6c9bf3b5
2024-10-08T21:28:42.817+02:00  INFO 12536 --- [mobileStore] [           main] com.zaxxer.hikari.HikariDataSource       : HikariPool-1 - Start completed.
2024-10-08T21:28:42.924+02:00 DEBUG 12536 --- [mobileStore] [           main] o.h.t.d.sql.spi.DdlTypeRegistry          : addDescriptor(6, org.hibernate.type.descriptor.sql.internal.CapacityDependentDdlType@27d98bef) replaced previous registration(org.hibernate.type.descriptor.sql.internal.DdlTypeImpl@349312d5)
2024-10-08T21:28:42.929+02:00 DEBUG 12536 --- [mobileStore] [           main] o.h.t.d.jdbc.spi.JdbcTypeRegistry        : addDescriptor(2004, BlobTypeDescriptor(BLOB_BINDING)) replaced previous registration(BlobTypeDescriptor(DEFAULT))
2024-10-08T21:28:42.929+02:00 DEBUG 12536 --- [mobileStore] [           main] o.h.t.d.jdbc.spi.JdbcTypeRegistry        : addDescriptor(2005, ClobTypeDescriptor(CLOB_BINDING)) replaced previous registration(ClobTypeDescriptor(DEFAULT))
2024-10-08T21:28:42.944+02:00 DEBUG 12536 --- [mobileStore] [           main] org.hibernate.type.BasicTypeRegistry     : Adding type registration JAVA_OBJECT -> org.hibernate.type.JavaObjectType@32b46831
2024-10-08T21:28:42.944+02:00 DEBUG 12536 --- [mobileStore] [           main] org.hibernate.type.BasicTypeRegistry     : Adding type registration java.lang.Object -> org.hibernate.type.JavaObjectType@32b46831
2024-10-08T21:28:42.944+02:00 DEBUG 12536 --- [mobileStore] [           main] org.hibernate.type.BasicTypeRegistry     : Type registration key [java.lang.Object] overrode previous entry : `org.hibernate.type.JavaObjectType@f245bdd`
2024-10-08T21:28:42.950+02:00 DEBUG 12536 --- [mobileStore] [           main] org.hibernate.type.BasicTypeRegistry     : Adding type registration Duration -> basicType@1(java.time.Duration,2)
2024-10-08T21:28:42.951+02:00 DEBUG 12536 --- [mobileStore] [           main] org.hibernate.type.BasicTypeRegistry     : Adding type registration java.time.Duration -> basicType@1(java.time.Duration,2)
2024-10-08T21:28:42.955+02:00 DEBUG 12536 --- [mobileStore] [           main] org.hibernate.type.BasicTypeRegistry     : Adding type registration org.hibernate.type.OffsetDateTimeType -> basicType@2(java.time.OffsetDateTime,3003)
2024-10-08T21:28:42.955+02:00 DEBUG 12536 --- [mobileStore] [           main] org.hibernate.type.BasicTypeRegistry     : Adding type registration OffsetDateTime -> basicType@2(java.time.OffsetDateTime,3003)
2024-10-08T21:28:42.955+02:00 DEBUG 12536 --- [mobileStore] [           main] org.hibernate.type.BasicTypeRegistry     : Adding type registration java.time.OffsetDateTime -> basicType@2(java.time.OffsetDateTime,3003)
2024-10-08T21:28:42.955+02:00 DEBUG 12536 --- [mobileStore] [           main] org.hibernate.type.BasicTypeRegistry     : Adding type registration org.hibernate.type.ZonedDateTimeType -> basicType@3(java.time.ZonedDateTime,3003)
2024-10-08T21:28:42.955+02:00 DEBUG 12536 --- [mobileStore] [           main] org.hibernate.type.BasicTypeRegistry     : Adding type registration ZonedDateTime -> basicType@3(java.time.ZonedDateTime,3003)
2024-10-08T21:28:42.955+02:00 DEBUG 12536 --- [mobileStore] [           main] org.hibernate.type.BasicTypeRegistry     : Adding type registration java.time.ZonedDateTime -> basicType@3(java.time.ZonedDateTime,3003)
2024-10-08T21:28:42.956+02:00 DEBUG 12536 --- [mobileStore] [           main] org.hibernate.type.BasicTypeRegistry     : Adding type registration org.hibernate.type.OffsetTimeType -> basicType@4(java.time.OffsetTime,3007)
2024-10-08T21:28:42.956+02:00 DEBUG 12536 --- [mobileStore] [           main] org.hibernate.type.BasicTypeRegistry     : Adding type registration OffsetTime -> basicType@4(java.time.OffsetTime,3007)
2024-10-08T21:28:42.956+02:00 DEBUG 12536 --- [mobileStore] [           main] org.hibernate.type.BasicTypeRegistry     : Adding type registration java.time.OffsetTime -> basicType@4(java.time.OffsetTime,3007)
2024-10-08T21:28:42.958+02:00 DEBUG 12536 --- [mobileStore] [           main] o.h.type.spi.TypeConfiguration$Scope     : Scoping TypeConfiguration [org.hibernate.type.spi.TypeConfiguration@45796b2a] to MetadataBuildingContext [org.hibernate.boot.internal.MetadataBuildingContextRootImpl@4b98225c]
2024-10-08T21:28:44.117+02:00  INFO 12536 --- [mobileStore] [           main] o.h.e.t.j.p.i.JtaPlatformInitiator       : HHH000489: No JTA platform available (set 'hibernate.transaction.jta.platform' to enable JTA platform integration)
2024-10-08T21:28:44.118+02:00 DEBUG 12536 --- [mobileStore] [           main] o.h.type.spi.TypeConfiguration$Scope     : Scoping TypeConfiguration [org.hibernate.type.spi.TypeConfiguration@45796b2a] to SessionFactoryImplementor [org.hibernate.internal.SessionFactoryImpl@3909308c]
2024-10-08T21:28:44.231+02:00 TRACE 12536 --- [mobileStore] [           main] o.h.type.spi.TypeConfiguration$Scope     : Handling #sessionFactoryCreated from [org.hibernate.internal.SessionFactoryImpl@3909308c] for TypeConfiguration
2024-10-08T21:28:44.231+02:00  INFO 12536 --- [mobileStore] [           main] j.LocalContainerEntityManagerFactoryBean : Initialized JPA EntityManagerFactory for persistence unit 'default'
2024-10-08T21:28:44.891+02:00  WARN 12536 --- [mobileStore] [           main] JpaBaseConfiguration$JpaWebConfiguration : spring.jpa.open-in-view is enabled by default. Therefore, database queries may be performed during view rendering. Explicitly configure spring.jpa.open-in-view to disable this warning
2024-10-08T21:28:45.011+02:00  INFO 12536 --- [mobileStore] [           main] o.s.b.a.w.s.WelcomePageHandlerMapping    : Adding welcome page template: index
2024-10-08T21:28:45.329+02:00  INFO 12536 --- [mobileStore] [           main] o.s.s.web.DefaultSecurityFilterChain     : Will secure any request with [org.springframework.security.web.session.DisableEncodeUrlFilter@5fafd099, org.springframework.security.web.context.request.async.WebAsyncManagerIntegrationFilter@580e01cd, org.springframework.security.web.context.SecurityContextHolderFilter@55ff64fd, org.springframework.security.web.header.HeaderWriterFilter@7ec176da, org.springframework.web.filter.CorsFilter@1e9a10e9, org.springframework.security.web.csrf.CsrfFilter@2351255a, org.springframework.security.web.authentication.logout.LogoutFilter@272f5373, org.springframework.security.web.authentication.UsernamePasswordAuthenticationFilter@4bd1b07d, org.springframework.security.web.savedrequest.RequestCacheAwareFilter@445c693, org.springframework.security.web.servletapi.SecurityContextHolderAwareRequestFilter@9d2c0ed, org.springframework.security.web.authentication.AnonymousAuthenticationFilter@233d2b76, org.springframework.security.web.access.ExceptionTranslationFilter@c7b100b, org.springframework.security.web.access.intercept.AuthorizationFilter@2784145d]
2024-10-08T21:28:45.782+02:00  INFO 12536 --- [mobileStore] [           main] c.p.m.MobileStoreApplicationTests        : Started MobileStoreApplicationTests in 6.214 seconds (process running for 7.503)
]]></system-out>
    <system-err><![CDATA[WARNING: A Java agent has been loaded dynamically (C:\Users\Med Ali\.m2\repository\net\bytebuddy\byte-buddy-agent\1.14.10\byte-buddy-agent-1.14.10.jar)
WARNING: If a serviceability tool is in use, please run with -XX:+EnableDynamicAgentLoading to hide this warning
WARNING: If a serviceability tool is not in use, please run with -Djdk.instrument.traceUsage for more information
WARNING: Dynamic loading of agents will be disallowed by default in a future release
]]></system-err>
  </testcase>
</testsuite>